c:\users\user\desktop\proapp\proapp\proapp\x64\debug\vc143.pdb
c:\users\user\desktop\proapp\proapp\proapp\x64\debug\.netframework,version=v4.7.2.assemblyattributes.obj
c:\users\user\desktop\proapp\proapp\proapp\x64\debug\welcome.obj
c:\users\user\desktop\proapp\proapp\proapp\x64\debug\test.obj
c:\users\user\desktop\proapp\proapp\proapp\x64\debug\maininterface.obj
c:\users\user\desktop\proapp\proapp\proapp\x64\debug\colorpick.obj
c:\users\user\desktop\proapp\proapp\proapp\x64\debug\timerapp.obj
c:\users\user\desktop\proapp\proapp\proapp\x64\debug\todoh.obj
c:\users\user\desktop\proapp\proapp\proapp\x64\debug\note.obj
c:\users\user\desktop\proapp\proapp\proapp\x64\debug\counter.obj
c:\users\user\desktop\proapp\proapp\proapp\x64\debug\calculator.obj
c:\users\user\desktop\proapp\proapp\proapp\x64\debug\aboutproapp.obj
c:\users\user\desktop\proapp\proapp\proapp\x64\debug\aboutnh.obj
c:\users\user\desktop\proapp\proapp\proapp\x64\debug\errors.obj
c:\users\user\desktop\proapp\proapp\x64\debug\proapp.exe
c:\users\user\desktop\proapp\proapp\x64\debug\proapp.pdb
c:\users\user\desktop\proapp\proapp\proapp\x64\debug\proapp.maininterface.resources
c:\users\user\desktop\proapp\proapp\proapp\x64\debug\proapp.welcome.resources
c:\users\user\desktop\proapp\proapp\proapp\x64\debug\proapp.colorpick.resources
c:\users\user\desktop\proapp\proapp\proapp\x64\debug\proapp.timerapp.resources
c:\users\user\desktop\proapp\proapp\proapp\x64\debug\proapp.todoh.resources
c:\users\user\desktop\proapp\proapp\proapp\x64\debug\proapp.note.resources
c:\users\user\desktop\proapp\proapp\proapp\x64\debug\proapp.counter.resources
c:\users\user\desktop\proapp\proapp\proapp\x64\debug\proapp.calculator.resources
c:\users\user\desktop\proapp\proapp\proapp\x64\debug\proapp.aboutproapp.resources
c:\users\user\desktop\proapp\proapp\proapp\x64\debug\proapp.aboutnh.resources
c:\users\user\desktop\proapp\proapp\proapp\x64\debug\proapp.errors.resources
c:\users\user\desktop\proapp\proapp\proapp\x64\debug\proapp.tlog\cl.command.1.tlog
c:\users\user\desktop\proapp\proapp\proapp\x64\debug\proapp.tlog\cl.read.1.tlog
c:\users\user\desktop\proapp\proapp\proapp\x64\debug\proapp.tlog\cl.write.1.tlog
c:\users\user\desktop\proapp\proapp\proapp\x64\debug\proapp.tlog\link.command.1.tlog
c:\users\user\desktop\proapp\proapp\proapp\x64\debug\proapp.tlog\link.read.1.tlog
c:\users\user\desktop\proapp\proapp\proapp\x64\debug\proapp.tlog\link.write.1.tlog
c:\users\user\desktop\proapp\proapp\proapp\x64\debug\proapp.tlog\metagen.read.1.tlog
c:\users\user\desktop\proapp\proapp\proapp\x64\debug\proapp.tlog\metagen.write.1.tlog
c:\users\user\desktop\proapp\proapp\proapp\x64\debug\proapp.tlog\proapp.write.1u.tlog
